<?xml version="1.0" encoding="UTF-8"?>
<!-- Generated by org.testng.reporters.JUnitReportReporter -->
<testsuite skipped="0" hostname="LAPTOP-01I9BJL7" name="com.restapitest.TC003_AddNewEmployee" tests="2" failures="0" timestamp="24 Oct 2020 17:19:10 GMT" time="4.119" errors="0">
  <testcase name="addNewEmployee" time="1.268" classname="com.restapitest.TC003_AddNewEmployee"/>
  <testcase name="addNewEmployee" time="2.851" classname="com.restapitest.TC003_AddNewEmployee"/>
</testsuite> <!-- com.restapitest.TC003_AddNewEmployee -->
