<?xml version="1.0" encoding="UTF-8"?>
<!-- Generated by org.testng.reporters.JUnitReportReporter -->
<testsuite skipped="0" hostname="LAPTOP-01I9BJL7" name="com.restapitest.TC002_CreateUser" tests="1" failures="0" timestamp="24 Oct 2020 08:58:44 GMT" time="3.583" errors="0">
  <testcase name="postCreateUser" time="3.583" classname="com.restapitest.TC002_CreateUser"/>
</testsuite> <!-- com.restapitest.TC002_CreateUser -->
